{"F:\\Programming\\DHBW\\4.Semester\\Datenbanken\\projekt\\open-web-chat\\server\\src\\login.ts": {"path":"F:\\Programming\\DHBW\\4.Semester\\Datenbanken\\projekt\\open-web-chat\\server\\src\\login.ts","statementMap":{"0":{"start":{"line":2,"column":0},"end":{"line":2,"column":72}},"1":{"start":{"line":3,"column":0},"end":{"line":3,"column":40}},"2":{"start":{"line":6,"column":40},"end":{"line":9,"column":null}},"3":{"start":{"line":13,"column":22},"end":{"line":16,"column":1}},"4":{"start":{"line":14,"column":15},"end":{"line":14,"column":52}},"5":{"start":{"line":15,"column":2},"end":{"line":15,"column":14}},"6":{"start":{"line":146,"column":2},"end":{"line":146,"column":15}},"7":{"start":{"line":19,"column":19},"end":{"line":31,"column":1}},"8":{"start":{"line":20,"column":23},"end":{"line":20,"column":52}},"9":{"start":{"line":23,"column":2},"end":{"line":26,"column":null}},"10":{"start":{"line":24,"column":4},"end":{"line":24,"column":58}},"11":{"start":{"line":25,"column":4},"end":{"line":25,"column":11}},"12":{"start":{"line":28,"column":2},"end":{"line":28,"column":78}},"13":{"start":{"line":29,"column":22},"end":{"line":29,"column":51}},"14":{"start":{"line":30,"column":2},"end":{"line":30,"column":21}},"15":{"start":{"line":147,"column":2},"end":{"line":147,"column":12}},"16":{"start":{"line":34,"column":42},"end":{"line":59,"column":1}},"17":{"start":{"line":35,"column":24},"end":{"line":35,"column":63}},"18":{"start":{"line":36,"column":2},"end":{"line":41,"column":null}},"19":{"start":{"line":37,"column":4},"end":{"line":37,"column":38}},"20":{"start":{"line":38,"column":4},"end":{"line":38,"column":20}},"21":{"start":{"line":39,"column":4},"end":{"line":39,"column":15}},"22":{"start":{"line":40,"column":4},"end":{"line":40,"column":11}},"23":{"start":{"line":42,"column":21},"end":{"line":42,"column":55}},"24":{"start":{"line":44,"column":2},"end":{"line":49,"column":null}},"25":{"start":{"line":45,"column":4},"end":{"line":45,"column":35}},"26":{"start":{"line":46,"column":4},"end":{"line":46,"column":20}},"27":{"start":{"line":47,"column":4},"end":{"line":47,"column":43}},"28":{"start":{"line":48,"column":4},"end":{"line":48,"column":11}},"29":{"start":{"line":50,"column":51},"end":{"line":50,"column":70}},"30":{"start":{"line":51,"column":2},"end":{"line":51,"column":52}},"31":{"start":{"line":52,"column":2},"end":{"line":52,"column":18}},"32":{"start":{"line":53,"column":2},"end":{"line":58,"column":5}},"33":{"start":{"line":145,"column":2},"end":{"line":145,"column":19}},"34":{"start":{"line":62,"column":37},"end":{"line":102,"column":1}},"35":{"start":{"line":63,"column":2},"end":{"line":96,"column":null}},"36":{"start":{"line":67,"column":8},"end":{"line":67,"column":25}},"37":{"start":{"line":69,"column":23},"end":{"line":69,"column":57}},"38":{"start":{"line":72,"column":4},"end":{"line":77,"column":null}},"39":{"start":{"line":73,"column":6},"end":{"line":73,"column":44}},"40":{"start":{"line":74,"column":6},"end":{"line":74,"column":22}},"41":{"start":{"line":75,"column":6},"end":{"line":75,"column":50}},"42":{"start":{"line":76,"column":6},"end":{"line":76,"column":13}},"43":{"start":{"line":78,"column":35},"end":{"line":84,"column":6}},"44":{"start":{"line":87,"column":4},"end":{"line":87,"column":72}},"45":{"start":{"line":88,"column":4},"end":{"line":88,"column":20}},"46":{"start":{"line":89,"column":4},"end":{"line":94,"column":7}},"47":{"start":{"line":95,"column":4},"end":{"line":95,"column":11}},"48":{"start":{"line":99,"column":2},"end":{"line":99,"column":40}},"49":{"start":{"line":100,"column":2},"end":{"line":100,"column":18}},"50":{"start":{"line":101,"column":2},"end":{"line":101,"column":73}},"51":{"start":{"line":144,"column":2},"end":{"line":144,"column":14}},"52":{"start":{"line":105,"column":34},"end":{"line":140,"column":1}},"53":{"start":{"line":109,"column":6},"end":{"line":109,"column":23}},"54":{"start":{"line":111,"column":2},"end":{"line":135,"column":null}},"55":{"start":{"line":112,"column":23},"end":{"line":112,"column":57}},"56":{"start":{"line":114,"column":4},"end":{"line":119,"column":null}},"57":{"start":{"line":115,"column":6},"end":{"line":115,"column":37}},"58":{"start":{"line":116,"column":6},"end":{"line":116,"column":22}},"59":{"start":{"line":117,"column":6},"end":{"line":117,"column":50}},"60":{"start":{"line":118,"column":6},"end":{"line":118,"column":13}},"61":{"start":{"line":122,"column":4},"end":{"line":134,"column":null}},"62":{"start":{"line":123,"column":6},"end":{"line":123,"column":46}},"63":{"start":{"line":124,"column":6},"end":{"line":124,"column":57}},"64":{"start":{"line":126,"column":6},"end":{"line":126,"column":22}},"65":{"start":{"line":127,"column":6},"end":{"line":132,"column":9}},"66":{"start":{"line":133,"column":6},"end":{"line":133,"column":13}},"67":{"start":{"line":137,"column":2},"end":{"line":137,"column":33}},"68":{"start":{"line":138,"column":2},"end":{"line":138,"column":18}},"69":{"start":{"line":139,"column":2},"end":{"line":139,"column":41}},"70":{"start":{"line":143,"column":2},"end":{"line":143,"column":11}}},"fnMap":{"0":{"name":"(anonymous_0)","decl":{"start":{"line":13,"column":22},"end":{"line":13,"column":27}},"loc":{"start":{"line":13,"column":49},"end":{"line":16,"column":1}}},"1":{"name":"(anonymous_1)","decl":{"start":{"line":19,"column":19},"end":{"line":19,"column":24}},"loc":{"start":{"line":19,"column":62},"end":{"line":31,"column":1}}},"2":{"name":"(anonymous_2)","decl":{"start":{"line":34,"column":42},"end":{"line":34,"column":47}},"loc":{"start":{"line":34,"column":61},"end":{"line":59,"column":1}}},"3":{"name":"(anonymous_3)","decl":{"start":{"line":62,"column":37},"end":{"line":62,"column":42}},"loc":{"start":{"line":62,"column":56},"end":{"line":102,"column":1}}},"4":{"name":"(anonymous_4)","decl":{"start":{"line":105,"column":34},"end":{"line":105,"column":39}},"loc":{"start":{"line":105,"column":53},"end":{"line":140,"column":1}}}},"branchMap":{"0":{"loc":{"start":{"line":23,"column":2},"end":{"line":26,"column":null}},"type":"if","locations":[{"start":{"line":23,"column":2},"end":{"line":26,"column":null}},{"start":{"line":23,"column":2},"end":{"line":26,"column":null}}]},"1":{"loc":{"start":{"line":36,"column":2},"end":{"line":41,"column":null}},"type":"if","locations":[{"start":{"line":36,"column":2},"end":{"line":41,"column":null}},{"start":{"line":36,"column":2},"end":{"line":41,"column":null}}]},"2":{"loc":{"start":{"line":44,"column":2},"end":{"line":49,"column":null}},"type":"if","locations":[{"start":{"line":44,"column":2},"end":{"line":49,"column":null}},{"start":{"line":44,"column":2},"end":{"line":49,"column":null}}]},"3":{"loc":{"start":{"line":63,"column":2},"end":{"line":96,"column":null}},"type":"if","locations":[{"start":{"line":63,"column":2},"end":{"line":96,"column":null}},{"start":{"line":63,"column":2},"end":{"line":96,"column":null}}]},"4":{"loc":{"start":{"line":63,"column":6},"end":{"line":63,"column":14}},"type":"binary-expr","locations":[{"start":{"line":63,"column":6},"end":{"line":63,"column":14}},{"start":{"line":63,"column":18},"end":{"line":63,"column":35}},{"start":{"line":63,"column":39},"end":{"line":63,"column":56}}]},"5":{"loc":{"start":{"line":72,"column":4},"end":{"line":77,"column":null}},"type":"if","locations":[{"start":{"line":72,"column":4},"end":{"line":77,"column":null}},{"start":{"line":72,"column":4},"end":{"line":77,"column":null}}]},"6":{"loc":{"start":{"line":111,"column":2},"end":{"line":135,"column":null}},"type":"if","locations":[{"start":{"line":111,"column":2},"end":{"line":135,"column":null}},{"start":{"line":111,"column":2},"end":{"line":135,"column":null}}]},"7":{"loc":{"start":{"line":111,"column":6},"end":{"line":111,"column":30}},"type":"binary-expr","locations":[{"start":{"line":111,"column":6},"end":{"line":111,"column":30}},{"start":{"line":111,"column":34},"end":{"line":111,"column":58}}]},"8":{"loc":{"start":{"line":114,"column":4},"end":{"line":119,"column":null}},"type":"if","locations":[{"start":{"line":114,"column":4},"end":{"line":119,"column":null}},{"start":{"line":114,"column":4},"end":{"line":119,"column":null}}]},"9":{"loc":{"start":{"line":122,"column":4},"end":{"line":134,"column":null}},"type":"if","locations":[{"start":{"line":122,"column":4},"end":{"line":134,"column":null}},{"start":{"line":122,"column":4},"end":{"line":134,"column":null}}]}},"s":{"0":1,"1":1,"2":1,"3":1,"4":2,"5":2,"6":1,"7":1,"8":1,"9":1,"10":1,"11":1,"12":0,"13":0,"14":0,"15":1,"16":1,"17":0,"18":0,"19":0,"20":0,"21":0,"22":0,"23":0,"24":0,"25":0,"26":0,"27":0,"28":0,"29":0,"30":0,"31":0,"32":0,"33":1,"34":1,"35":0,"36":0,"37":0,"38":0,"39":0,"40":0,"41":0,"42":0,"43":0,"44":0,"45":0,"46":0,"47":0,"48":0,"49":0,"50":0,"51":1,"52":1,"53":0,"54":0,"55":0,"56":0,"57":0,"58":0,"59":0,"60":0,"61":0,"62":0,"63":0,"64":0,"65":0,"66":0,"67":0,"68":0,"69":0,"70":1},"f":{"0":2,"1":1,"2":0,"3":0,"4":0},"b":{"0":[1,0],"1":[0,0],"2":[0,0],"3":[0,0],"4":[0,0,0],"5":[0,0],"6":[0,0],"7":[0,0],"8":[0,0],"9":[0,0]}}
,"F:\\Programming\\DHBW\\4.Semester\\Datenbanken\\projekt\\open-web-chat\\server\\src\\messages.ts": {"path":"F:\\Programming\\DHBW\\4.Semester\\Datenbanken\\projekt\\open-web-chat\\server\\src\\messages.ts","statementMap":{"0":{"start":{"line":2,"column":0},"end":{"line":2,"column":68}},"1":{"start":{"line":3,"column":0},"end":{"line":3,"column":40}},"2":{"start":{"line":6,"column":46},"end":{"line":9,"column":null}},"3":{"start":{"line":13,"column":20},"end":{"line":24,"column":1}},"4":{"start":{"line":14,"column":16},"end":{"line":14,"column":26}},"5":{"start":{"line":15,"column":20},"end":{"line":15,"column":35}},"6":{"start":{"line":16,"column":2},"end":{"line":16,"column":45}},"7":{"start":{"line":17,"column":2},"end":{"line":17,"column":27}},"8":{"start":{"line":19,"column":19},"end":{"line":22,"column":4}},"9":{"start":{"line":23,"column":2},"end":{"line":23,"column":18}},"10":{"start":{"line":70,"column":2},"end":{"line":70,"column":13}},"11":{"start":{"line":27,"column":27},"end":{"line":32,"column":1}},"12":{"start":{"line":28,"column":14},"end":{"line":30,"column":4}},"13":{"start":{"line":31,"column":2},"end":{"line":31,"column":26}},"14":{"start":{"line":68,"column":2},"end":{"line":68,"column":20}},"15":{"start":{"line":34,"column":29},"end":{"line":39,"column":1}},"16":{"start":{"line":35,"column":14},"end":{"line":37,"column":4}},"17":{"start":{"line":38,"column":2},"end":{"line":38,"column":26}},"18":{"start":{"line":69,"column":2},"end":{"line":69,"column":22}},"19":{"start":{"line":42,"column":22},"end":{"line":45,"column":1}},"20":{"start":{"line":43,"column":2},"end":{"line":43,"column":37}},"21":{"start":{"line":44,"column":2},"end":{"line":44,"column":58}},"22":{"start":{"line":67,"column":2},"end":{"line":67,"column":15}},"23":{"start":{"line":47,"column":37},"end":{"line":63,"column":1}},"24":{"start":{"line":48,"column":2},"end":{"line":53,"column":null}},"25":{"start":{"line":49,"column":4},"end":{"line":49,"column":50}},"26":{"start":{"line":50,"column":4},"end":{"line":50,"column":20}},"27":{"start":{"line":51,"column":4},"end":{"line":51,"column":58}},"28":{"start":{"line":52,"column":4},"end":{"line":52,"column":11}},"29":{"start":{"line":55,"column":20},"end":{"line":55,"column":64}},"30":{"start":{"line":56,"column":18},"end":{"line":56,"column":43}},"31":{"start":{"line":59,"column":19},"end":{"line":59,"column":45}},"32":{"start":{"line":60,"column":2},"end":{"line":60,"column":58}},"33":{"start":{"line":61,"column":2},"end":{"line":61,"column":18}},"34":{"start":{"line":62,"column":2},"end":{"line":62,"column":21}},"35":{"start":{"line":66,"column":2},"end":{"line":66,"column":14}}},"fnMap":{"0":{"name":"(anonymous_0)","decl":{"start":{"line":13,"column":20},"end":{"line":13,"column":25}},"loc":{"start":{"line":13,"column":46},"end":{"line":24,"column":1}}},"1":{"name":"(anonymous_1)","decl":{"start":{"line":27,"column":27},"end":{"line":27,"column":32}},"loc":{"start":{"line":27,"column":53},"end":{"line":32,"column":1}}},"2":{"name":"(anonymous_2)","decl":{"start":{"line":34,"column":29},"end":{"line":34,"column":34}},"loc":{"start":{"line":34,"column":57},"end":{"line":39,"column":1}}},"3":{"name":"(anonymous_3)","decl":{"start":{"line":42,"column":22},"end":{"line":42,"column":27}},"loc":{"start":{"line":42,"column":50},"end":{"line":45,"column":1}}},"4":{"name":"(anonymous_4)","decl":{"start":{"line":47,"column":37},"end":{"line":47,"column":42}},"loc":{"start":{"line":47,"column":56},"end":{"line":63,"column":1}}}},"branchMap":{"0":{"loc":{"start":{"line":48,"column":2},"end":{"line":53,"column":null}},"type":"if","locations":[{"start":{"line":48,"column":2},"end":{"line":53,"column":null}},{"start":{"line":48,"column":2},"end":{"line":53,"column":null}}]},"1":{"loc":{"start":{"line":48,"column":6},"end":{"line":48,"column":26}},"type":"binary-expr","locations":[{"start":{"line":48,"column":6},"end":{"line":48,"column":26}},{"start":{"line":48,"column":30},"end":{"line":48,"column":48}}]}},"s":{"0":1,"1":1,"2":1,"3":1,"4":1,"5":1,"6":1,"7":1,"8":1,"9":1,"10":1,"11":1,"12":1,"13":1,"14":1,"15":1,"16":1,"17":1,"18":1,"19":1,"20":10,"21":10,"22":1,"23":1,"24":0,"25":0,"26":0,"27":0,"28":0,"29":0,"30":0,"31":0,"32":0,"33":0,"34":0,"35":1},"f":{"0":1,"1":1,"2":1,"3":10,"4":0},"b":{"0":[0,0],"1":[0,0]}}
,"F:\\Programming\\DHBW\\4.Semester\\Datenbanken\\projekt\\open-web-chat\\server\\src\\rooms.ts": {"path":"F:\\Programming\\DHBW\\4.Semester\\Datenbanken\\projekt\\open-web-chat\\server\\src\\rooms.ts","statementMap":{"0":{"start":{"line":1,"column":0},"end":{"line":1,"column":40}},"1":{"start":{"line":2,"column":0},"end":{"line":2,"column":59}},"2":{"start":{"line":7,"column":40},"end":{"line":7,"column":74}},"3":{"start":{"line":11,"column":17},"end":{"line":14,"column":1}},"4":{"start":{"line":12,"column":16},"end":{"line":12,"column":40}},"5":{"start":{"line":13,"column":2},"end":{"line":13,"column":15}},"6":{"start":{"line":45,"column":46},"end":{"line":45,"column":54}},"7":{"start":{"line":17,"column":16},"end":{"line":20,"column":1}},"8":{"start":{"line":18,"column":2},"end":{"line":18,"column":79}},"9":{"start":{"line":19,"column":2},"end":{"line":19,"column":55}},"10":{"start":{"line":45,"column":9},"end":{"line":45,"column":16}},"11":{"start":{"line":23,"column":23},"end":{"line":27,"column":1}},"12":{"start":{"line":24,"column":2},"end":{"line":26,"column":5}},"13":{"start":{"line":45,"column":56},"end":{"line":45,"column":70}},"14":{"start":{"line":30,"column":25},"end":{"line":34,"column":1}},"15":{"start":{"line":31,"column":2},"end":{"line":33,"column":5}},"16":{"start":{"line":45,"column":18},"end":{"line":45,"column":34}},"17":{"start":{"line":37,"column":33},"end":{"line":43,"column":1}},"18":{"start":{"line":39,"column":16},"end":{"line":39,"column":32}},"19":{"start":{"line":40,"column":2},"end":{"line":40,"column":53}},"20":{"start":{"line":41,"column":2},"end":{"line":41,"column":18}},"21":{"start":{"line":42,"column":2},"end":{"line":42,"column":18}},"22":{"start":{"line":45,"column":36},"end":{"line":45,"column":44}}},"fnMap":{"0":{"name":"(anonymous_0)","decl":{"start":{"line":11,"column":17},"end":{"line":11,"column":22}},"loc":{"start":{"line":11,"column":28},"end":{"line":14,"column":1}}},"1":{"name":"(anonymous_1)","decl":{"start":{"line":17,"column":16},"end":{"line":17,"column":21}},"loc":{"start":{"line":17,"column":38},"end":{"line":20,"column":1}}},"2":{"name":"(anonymous_2)","decl":{"start":{"line":23,"column":23},"end":{"line":23,"column":28}},"loc":{"start":{"line":23,"column":49},"end":{"line":27,"column":1}}},"3":{"name":"(anonymous_3)","decl":{"start":{"line":30,"column":25},"end":{"line":30,"column":30}},"loc":{"start":{"line":30,"column":53},"end":{"line":34,"column":1}}},"4":{"name":"(anonymous_4)","decl":{"start":{"line":37,"column":33},"end":{"line":37,"column":38}},"loc":{"start":{"line":37,"column":52},"end":{"line":43,"column":1}}}},"branchMap":{},"s":{"0":1,"1":1,"2":1,"3":1,"4":3,"5":3,"6":1,"7":1,"8":2,"9":2,"10":1,"11":1,"12":1,"13":1,"14":1,"15":1,"16":1,"17":1,"18":0,"19":0,"20":0,"21":0,"22":1},"f":{"0":3,"1":2,"2":1,"3":1,"4":0},"b":{}}
,"F:\\Programming\\DHBW\\4.Semester\\Datenbanken\\projekt\\open-web-chat\\server\\src\\secrets.ts": {"path":"F:\\Programming\\DHBW\\4.Semester\\Datenbanken\\projekt\\open-web-chat\\server\\src\\secrets.ts","statementMap":{"0":{"start":{"line":2,"column":2},"end":{"line":2,"column":109}},"1":{"start":{"line":3,"column":9},"end":{"line":3,"column":20}}},"fnMap":{},"branchMap":{},"s":{"0":3,"1":3},"f":{},"b":{}}
,"F:\\Programming\\DHBW\\4.Semester\\Datenbanken\\projekt\\open-web-chat\\server\\src\\types.ts": {"path":"F:\\Programming\\DHBW\\4.Semester\\Datenbanken\\projekt\\open-web-chat\\server\\src\\types.ts","statementMap":{"0":{"start":{"line":1,"column":0},"end":{"line":1,"column":44}},"1":{"start":{"line":50,"column":27},"end":{"line":73,"column":2}},"2":{"start":{"line":115,"column":2},"end":{"line":115,"column":12}},"3":{"start":{"line":75,"column":30},"end":{"line":98,"column":null}},"4":{"start":{"line":116,"column":2},"end":{"line":116,"column":15}},"5":{"start":{"line":101,"column":27},"end":{"line":112,"column":2}},"6":{"start":{"line":117,"column":2},"end":{"line":117,"column":12}}},"fnMap":{},"branchMap":{},"s":{"0":3,"1":3,"2":3,"3":3,"4":3,"5":3,"6":3},"f":{},"b":{}}
}
